[ 1711584ms] [ERROR] WebSocket connection to 'ws://localhost:3001/_next/webpack-hmr?id=cU7wmYGJUiZtvwIKVITxX' failed: Error in connection establishment: net::ERR_CONNECTION_REFUSED @ http://localhost:3001/_next/static/chunks/79f76_next_dist_client_b9591ae0._.js:10878
[ 1712416ms] [ERROR] Failed to load resource: net::ERR_CONNECTION_REFUSED @ http://localhost:3001/api/projects/cUfHlegssamR/sessions/active:0
[ 1712585ms] [ERROR] WebSocket connection to 'ws://localhost:3001/_next/webpack-hmr?id=cU7wmYGJUiZtvwIKVITxX' failed: Error in connection establishment: net::ERR_CONNECTION_REFUSED @ http://localhost:3001/_next/static/chunks/79f76_next_dist_client_b9591ae0._.js:10878
[ 1713586ms] [ERROR] WebSocket connection to 'ws://localhost:3001/_next/webpack-hmr?id=cU7wmYGJUiZtvwIKVITxX' failed: Error in connection establishment: net::ERR_CONNECTION_REFUSED @ http://localhost:3001/_next/static/chunks/79f76_next_dist_client_b9591ae0._.js:10878
[ 1714587ms] [ERROR] WebSocket connection to 'ws://localhost:3001/_next/webpack-hmr?id=cU7wmYGJUiZtvwIKVITxX' failed: Error in connection establishment: net::ERR_CONNECTION_REFUSED @ http://localhost:3001/_next/static/chunks/79f76_next_dist_client_b9591ae0._.js:10878
[ 1715415ms] [ERROR] Failed to load resource: net::ERR_CONNECTION_REFUSED @ http://localhost:3001/api/projects/cUfHlegssamR/sessions/active:0
[ 1715590ms] [ERROR] WebSocket connection to 'ws://localhost:3001/_next/webpack-hmr?id=cU7wmYGJUiZtvwIKVITxX' failed: Error in connection establishment: net::ERR_CONNECTION_REFUSED @ http://localhost:3001/_next/static/chunks/79f76_next_dist_client_b9591ae0._.js:10878
[ 1718415ms] [ERROR] Failed to load resource: net::ERR_CONNECTION_REFUSED @ http://localhost:3001/api/projects/cUfHlegssamR/sessions/active:0
[ 1720592ms] [ERROR] WebSocket connection to 'ws://localhost:3001/_next/webpack-hmr?id=cU7wmYGJUiZtvwIKVITxX' failed: Error in connection establishment: net::ERR_CONNECTION_REFUSED @ http://localhost:3001/_next/static/chunks/79f76_next_dist_client_b9591ae0._.js:10878
[16640036ms] [ERROR] ./workspace/arji/hooks/useEpicCreate.ts:354:15
Ecmascript file had an error
  352 |               updatedJson.data || [];
  353 |             if (updatedMessages.length > 0) {
> 354 |               messages = updatedMessages;
      |               ^^^^^^^^
  355 |             }
  356 |           }
  357 |         }

cannot reassign to a variable declared with `const`

Import traces:
  Client Component Browser:
    ./workspace/arji/hooks/useEpicCreate.ts [Client Component Browser]
    ./workspace/arji/components/chat/UnifiedChatPanel.tsx [Client Component Browser]
    ./workspace/arji/app/projects/[projectId]/page.tsx [Client Component Browser]
    ./workspace/arji/app/projects/[projectId]/page.tsx [Server Component]

  Client Component SSR:
    ./workspace/arji/hooks/useEpicCreate.ts [Client Component SSR]
    ./workspace/arji/components/chat/UnifiedChatPanel.tsx [Client Component SSR]
    ./workspace/arji/app/projects/[projectId]/page.tsx [Client Component SSR]
    ./workspace/arji/app/projects/[projectId]/page.tsx [Server Component] @ http://localhost:3001/_next/static/chunks/79f76_next_dist_6c9e684e._.js:3127
[16640781ms] [ERROR] ./workspace/arji/hooks/useEpicCreate.ts:354:15
Ecmascript file had an error
  352 |               updatedJson.data || [];
  353 |             if (updatedMessages.length > 0) {
> 354 |               messages = updatedMessages;
      |               ^^^^^^^^
  355 |             }
  356 |           }
  357 |         }

cannot reassign to a variable declared with `const`

Import traces:
  Client Component Browser:
    ./workspace/arji/hooks/useEpicCreate.ts [Client Component Browser]
    ./workspace/arji/components/chat/UnifiedChatPanel.tsx [Client Component Browser]
    ./workspace/arji/app/projects/[projectId]/page.tsx [Client Component Browser]
    ./workspace/arji/app/projects/[projectId]/page.tsx [Server Component]

  Client Component SSR:
    ./workspace/arji/hooks/useEpicCreate.ts [Client Component SSR]
    ./workspace/arji/components/chat/UnifiedChatPanel.tsx [Client Component SSR]
    ./workspace/arji/app/projects/[projectId]/page.tsx [Client Component SSR]
    ./workspace/arji/app/projects/[projectId]/page.tsx [Server Component] @ http://localhost:3001/_next/static/chunks/79f76_next_dist_6c9e684e._.js:3127
[16641370ms] [ERROR] ./workspace/arji/hooks/useEpicCreate.ts:354:15
Ecmascript file had an error
  352 |               updatedJson.data || [];
  353 |             if (updatedMessages.length > 0) {
> 354 |               messages = updatedMessages;
      |               ^^^^^^^^
  355 |             }
  356 |           }
  357 |         }

cannot reassign to a variable declared with `const`

Import traces:
  Client Component Browser:
    ./workspace/arji/hooks/useEpicCreate.ts [Client Component Browser]
    ./workspace/arji/components/chat/UnifiedChatPanel.tsx [Client Component Browser]
    ./workspace/arji/app/projects/[projectId]/page.tsx [Client Component Browser]
    ./workspace/arji/app/projects/[projectId]/page.tsx [Server Component]

  Client Component SSR:
    ./workspace/arji/hooks/useEpicCreate.ts [Client Component SSR]
    ./workspace/arji/components/chat/UnifiedChatPanel.tsx [Client Component SSR]
    ./workspace/arji/app/projects/[projectId]/page.tsx [Client Component SSR]
    ./workspace/arji/app/projects/[projectId]/page.tsx [Server Component] @ http://localhost:3001/_next/static/chunks/79f76_next_dist_6c9e684e._.js:3127
[16641537ms] [ERROR] ./workspace/arji/hooks/useEpicCreate.ts:354:15
Ecmascript file had an error
  352 |               updatedJson.data || [];
  353 |             if (updatedMessages.length > 0) {
> 354 |               messages = updatedMessages;
      |               ^^^^^^^^
  355 |             }
  356 |           }
  357 |         }

cannot reassign to a variable declared with `const`

Import traces:
  Client Component Browser:
    ./workspace/arji/hooks/useEpicCreate.ts [Client Component Browser]
    ./workspace/arji/components/chat/UnifiedChatPanel.tsx [Client Component Browser]
    ./workspace/arji/app/projects/[projectId]/page.tsx [Client Component Browser]
    ./workspace/arji/app/projects/[projectId]/page.tsx [Server Component]

  Client Component SSR:
    ./workspace/arji/hooks/useEpicCreate.ts [Client Component SSR]
    ./workspace/arji/components/chat/UnifiedChatPanel.tsx [Client Component SSR]
    ./workspace/arji/app/projects/[projectId]/page.tsx [Client Component SSR]
    ./workspace/arji/app/projects/[projectId]/page.tsx [Server Component] @ http://localhost:3001/_next/static/chunks/79f76_next_dist_6c9e684e._.js:3127
[16641844ms] [ERROR] ./workspace/arji/hooks/useEpicCreate.ts:354:15
Ecmascript file had an error
  352 |               updatedJson.data || [];
  353 |             if (updatedMessages.length > 0) {
> 354 |               messages = updatedMessages;
      |               ^^^^^^^^
  355 |             }
  356 |           }
  357 |         }

cannot reassign to a variable declared with `const`

Import traces:
  Client Component Browser:
    ./workspace/arji/hooks/useEpicCreate.ts [Client Component Browser]
    ./workspace/arji/components/chat/UnifiedChatPanel.tsx [Client Component Browser]
    ./workspace/arji/app/projects/[projectId]/page.tsx [Client Component Browser]
    ./workspace/arji/app/projects/[projectId]/page.tsx [Server Component]

  Client Component SSR:
    ./workspace/arji/hooks/useEpicCreate.ts [Client Component SSR]
    ./workspace/arji/components/chat/UnifiedChatPanel.tsx [Client Component SSR]
    ./workspace/arji/app/projects/[projectId]/page.tsx [Client Component SSR]
    ./workspace/arji/app/projects/[projectId]/page.tsx [Server Component] @ http://localhost:3001/_next/static/chunks/79f76_next_dist_6c9e684e._.js:3127
[16641975ms] [ERROR] Failed to load resource: the server responded with a status of 500 (Internal Server Error) @ http://localhost:3001/api/projects/cUfHlegssamR/sessions/active:0
[16642000ms] [ERROR] ./workspace/arji/hooks/useEpicCreate.ts:354:15
Ecmascript file had an error
  352 |               updatedJson.data || [];
  353 |             if (updatedMessages.length > 0) {
> 354 |               messages = updatedMessages;
      |               ^^^^^^^^
  355 |             }
  356 |           }
  357 |         }

cannot reassign to a variable declared with `const`

Import traces:
  Client Component Browser:
    ./workspace/arji/hooks/useEpicCreate.ts [Client Component Browser]
    ./workspace/arji/components/chat/UnifiedChatPanel.tsx [Client Component Browser]
    ./workspace/arji/app/projects/[projectId]/page.tsx [Client Component Browser]
    ./workspace/arji/app/projects/[projectId]/page.tsx [Server Component]

  Client Component SSR:
    ./workspace/arji/hooks/useEpicCreate.ts [Client Component SSR]
    ./workspace/arji/components/chat/UnifiedChatPanel.tsx [Client Component SSR]
    ./workspace/arji/app/projects/[projectId]/page.tsx [Client Component SSR]
    ./workspace/arji/app/projects/[projectId]/page.tsx [Server Component] @ http://localhost:3001/_next/static/chunks/79f76_next_dist_6c9e684e._.js:3127
[16642692ms] [ERROR] Failed to load resource: the server responded with a status of 500 (Internal Server Error) @ http://localhost:3001/api/projects/cUfHlegssamR/conversations:0
[16642720ms] [ERROR] ./workspace/arji/hooks/useEpicCreate.ts:354:15
Ecmascript file had an error
  352 |               updatedJson.data || [];
  353 |             if (updatedMessages.length > 0) {
> 354 |               messages = updatedMessages;
      |               ^^^^^^^^
  355 |             }
  356 |           }
  357 |         }

cannot reassign to a variable declared with `const`

Import traces:
  Client Component Browser:
    ./workspace/arji/hooks/useEpicCreate.ts [Client Component Browser]
    ./workspace/arji/components/chat/UnifiedChatPanel.tsx [Client Component Browser]
    ./workspace/arji/app/projects/[projectId]/page.tsx [Client Component Browser]
    ./workspace/arji/app/projects/[projectId]/page.tsx [Server Component]

  Client Component SSR:
    ./workspace/arji/hooks/useEpicCreate.ts [Client Component SSR]
    ./workspace/arji/components/chat/UnifiedChatPanel.tsx [Client Component SSR]
    ./workspace/arji/app/projects/[projectId]/page.tsx [Client Component SSR]
    ./workspace/arji/app/projects/[projectId]/page.tsx [Server Component] @ http://localhost:3001/_next/static/chunks/79f76_next_dist_6c9e684e._.js:3127
[16643086ms] [ERROR] ./workspace/arji/hooks/useEpicCreate.ts:354:15
Ecmascript file had an error
  352 |               updatedJson.data || [];
  353 |             if (updatedMessages.length > 0) {
> 354 |               messages = updatedMessages;
      |               ^^^^^^^^
  355 |             }
  356 |           }
  357 |         }

cannot reassign to a variable declared with `const`

Import traces:
  Client Component Browser:
    ./workspace/arji/hooks/useEpicCreate.ts [Client Component Browser]
    ./workspace/arji/components/chat/UnifiedChatPanel.tsx [Client Component Browser]
    ./workspace/arji/app/projects/[projectId]/page.tsx [Client Component Browser]
    ./workspace/arji/app/projects/[projectId]/page.tsx [Server Component]

  Client Component SSR:
    ./workspace/arji/hooks/useEpicCreate.ts [Client Component SSR]
    ./workspace/arji/components/chat/UnifiedChatPanel.tsx [Client Component SSR]
    ./workspace/arji/app/projects/[projectId]/page.tsx [Client Component SSR]
    ./workspace/arji/app/projects/[projectId]/page.tsx [Server Component] @ http://localhost:3001/_next/static/chunks/79f76_next_dist_6c9e684e._.js:3127
[16644130ms] [ERROR] ./workspace/arji/hooks/useEpicCreate.ts:354:15
Ecmascript file had an error
  352 |               updatedJson.data || [];
  353 |             if (updatedMessages.length > 0) {
> 354 |               messages = updatedMessages;
      |               ^^^^^^^^
  355 |             }
  356 |           }
  357 |         }

cannot reassign to a variable declared with `const`

Import traces:
  Client Component Browser:
    ./workspace/arji/hooks/useEpicCreate.ts [Client Component Browser]
    ./workspace/arji/components/chat/UnifiedChatPanel.tsx [Client Component Browser]
    ./workspace/arji/app/projects/[projectId]/page.tsx [Client Component Browser]
    ./workspace/arji/app/projects/[projectId]/page.tsx [Server Component]

  Client Component SSR:
    ./workspace/arji/hooks/useEpicCreate.ts [Client Component SSR]
    ./workspace/arji/components/chat/UnifiedChatPanel.tsx [Client Component SSR]
    ./workspace/arji/app/projects/[projectId]/page.tsx [Client Component SSR]
    ./workspace/arji/app/projects/[projectId]/page.tsx [Server Component] @ http://localhost:3001/_next/static/chunks/79f76_next_dist_6c9e684e._.js:3127
[16644901ms] [ERROR] Failed to load resource: the server responded with a status of 500 (Internal Server Error) @ http://localhost:3001/api/projects/cUfHlegssamR/sessions/active:0
[16644927ms] [ERROR] ./workspace/arji/hooks/useEpicCreate.ts:354:15
Ecmascript file had an error
  352 |               updatedJson.data || [];
  353 |             if (updatedMessages.length > 0) {
> 354 |               messages = updatedMessages;
      |               ^^^^^^^^
  355 |             }
  356 |           }
  357 |         }

cannot reassign to a variable declared with `const`

Import traces:
  Client Component Browser:
    ./workspace/arji/hooks/useEpicCreate.ts [Client Component Browser]
    ./workspace/arji/components/chat/UnifiedChatPanel.tsx [Client Component Browser]
    ./workspace/arji/app/projects/[projectId]/page.tsx [Client Component Browser]
    ./workspace/arji/app/projects/[projectId]/page.tsx [Server Component]

  Client Component SSR:
    ./workspace/arji/hooks/useEpicCreate.ts [Client Component SSR]
    ./workspace/arji/components/chat/UnifiedChatPanel.tsx [Client Component SSR]
    ./workspace/arji/app/projects/[projectId]/page.tsx [Client Component SSR]
    ./workspace/arji/app/projects/[projectId]/page.tsx [Server Component] @ http://localhost:3001/_next/static/chunks/79f76_next_dist_6c9e684e._.js:3127
[22655826ms] TypeError: Cannot read properties of undefined (reading 'length')
    at AgentMonitor (http://localhost:3001/_next/static/chunks/workspace_arji_2b42a07a._.js:4211:18)
    at Object.react_stack_bottom_frame (http://localhost:3001/_next/static/chunks/79f76_next_dist_compiled_react-dom_268189ee._.js:14826:24)
    at renderWithHooks (http://localhost:3001/_next/static/chunks/79f76_next_dist_compiled_react-dom_268189ee._.js:4651:24)
    at updateFunctionComponent (http://localhost:3001/_next/static/chunks/79f76_next_dist_compiled_react-dom_268189ee._.js:6112:21)
    at beginWork (http://localhost:3001/_next/static/chunks/79f76_next_dist_compiled_react-dom_268189ee._.js:6708:24)
    at runWithFiberInDEV (http://localhost:3001/_next/static/chunks/79f76_next_dist_compiled_react-dom_268189ee._.js:965:74)
    at performUnitOfWork (http://localhost:3001/_next/static/chunks/79f76_next_dist_compiled_react-dom_268189ee._.js:9562:97)
    at workLoopSync (http://localhost:3001/_next/static/chunks/79f76_next_dist_compiled_react-dom_268189ee._.js:9456:40)
    at renderRootSync (http://localhost:3001/_next/static/chunks/79f76_next_dist_compiled_react-dom_268189ee._.js:9440:13)
    at performWorkOnRoot (http://localhost:3001/_next/static/chunks/79f76_next_dist_compiled_react-dom_268189ee._.js:9105:47)
    at performSyncWorkOnRoot (http://localhost:3001/_next/static/chunks/79f76_next_dist_compiled_react-dom_268189ee._.js:10238:9)
    at flushSyncWorkAcrossRoots_impl (http://localhost:3001/_next/static/chunks/79f76_next_dist_compiled_react-dom_268189ee._.js:10154:316)
    at flushSyncWork$1 (http://localhost:3001/_next/static/chunks/79f76_next_dist_compiled_react-dom_268189ee._.js:9237:86)
    at Object.scheduleRefresh (http://localhost:3001/_next/static/chunks/79f76_next_dist_compiled_react-dom_268189ee._.js:299:13)
    at http://localhost:3001/_next/static/chunks/79f76_next_dist_compiled_30f71efc._.js:391:33
    at Set.forEach (<anonymous>)
    at Object.performReactRefresh (http://localhost:3001/_next/static/chunks/79f76_next_dist_compiled_30f71efc._.js:384:38)
    at applyUpdate (http://localhost:3001/_next/static/chunks/79f76_next_dist_compiled_30f71efc._.js:878:31)
    at http://localhost:3001/_next/static/chunks/79f76_next_dist_compiled_30f71efc._.js:886:13
[22669482ms] [WARNING] [Fast Refresh] performing full reload because your application had an unrecoverable error @ http://localhost:3001/_next/static/chunks/79f76_next_dist_6c9e684e._.js:2297
[22669541ms] TypeError: Cannot read properties of undefined (reading 'length')
    at AgentMonitor (http://localhost:3001/_next/static/chunks/workspace_arji_a6df74a5._.js?id=%255Bproject%255D%252Fworkspace%252Farji%252Fcomponents%252Fmonitor%252FAgentMonitor.tsx+%255Bapp-client%255D+%2528ecmascript%2529:64:20)
    at Object.react_stack_bottom_frame (http://localhost:3001/_next/static/chunks/79f76_next_dist_compiled_react-dom_268189ee._.js:14826:24)
    at renderWithHooks (http://localhost:3001/_next/static/chunks/79f76_next_dist_compiled_react-dom_268189ee._.js:4651:24)
    at updateFunctionComponent (http://localhost:3001/_next/static/chunks/79f76_next_dist_compiled_react-dom_268189ee._.js:6112:21)
    at beginWork (http://localhost:3001/_next/static/chunks/79f76_next_dist_compiled_react-dom_268189ee._.js:6708:24)
    at runWithFiberInDEV (http://localhost:3001/_next/static/chunks/79f76_next_dist_compiled_react-dom_268189ee._.js:965:74)
    at performUnitOfWork (http://localhost:3001/_next/static/chunks/79f76_next_dist_compiled_react-dom_268189ee._.js:9562:97)
    at workLoopSync (http://localhost:3001/_next/static/chunks/79f76_next_dist_compiled_react-dom_268189ee._.js:9456:40)
    at renderRootSync (http://localhost:3001/_next/static/chunks/79f76_next_dist_compiled_react-dom_268189ee._.js:9440:13)
    at performWorkOnRoot (http://localhost:3001/_next/static/chunks/79f76_next_dist_compiled_react-dom_268189ee._.js:9105:47)
    at performSyncWorkOnRoot (http://localhost:3001/_next/static/chunks/79f76_next_dist_compiled_react-dom_268189ee._.js:10238:9)
    at flushSyncWorkAcrossRoots_impl (http://localhost:3001/_next/static/chunks/79f76_next_dist_compiled_react-dom_268189ee._.js:10154:316)
    at flushSyncWork$1 (http://localhost:3001/_next/static/chunks/79f76_next_dist_compiled_react-dom_268189ee._.js:9237:86)
    at Object.scheduleRefresh (http://localhost:3001/_next/static/chunks/79f76_next_dist_compiled_react-dom_268189ee._.js:299:13)
    at http://localhost:3001/_next/static/chunks/79f76_next_dist_compiled_30f71efc._.js:391:33
    at Set.forEach (<anonymous>)
    at Object.performReactRefresh (http://localhost:3001/_next/static/chunks/79f76_next_dist_compiled_30f71efc._.js:384:38)
    at applyUpdate (http://localhost:3001/_next/static/chunks/79f76_next_dist_compiled_30f71efc._.js:878:31)
    at http://localhost:3001/_next/static/chunks/79f76_next_dist_compiled_30f71efc._.js:886:13
[22670276ms] [ERROR] Failed to load resource: the server responded with a status of 500 (Internal Server Error) @ http://localhost:3001/projects/cUfHlegssamR:0
[22670621ms] TypeError: Cannot read properties of undefined (reading 'length')
    at AgentMonitor (http://localhost:3001/_next/static/chunks/workspace_arji_a6df74a5._.js:4783:20)
    at Object.react_stack_bottom_frame (http://localhost:3001/_next/static/chunks/79f76_next_dist_compiled_react-dom_268189ee._.js:14826:24)
    at renderWithHooks (http://localhost:3001/_next/static/chunks/79f76_next_dist_compiled_react-dom_268189ee._.js:4651:24)
    at updateFunctionComponent (http://localhost:3001/_next/static/chunks/79f76_next_dist_compiled_react-dom_268189ee._.js:6112:21)
    at beginWork (http://localhost:3001/_next/static/chunks/79f76_next_dist_compiled_react-dom_268189ee._.js:6708:24)
    at runWithFiberInDEV (http://localhost:3001/_next/static/chunks/79f76_next_dist_compiled_react-dom_268189ee._.js:965:74)
    at performUnitOfWork (http://localhost:3001/_next/static/chunks/79f76_next_dist_compiled_react-dom_268189ee._.js:9562:97)
    at workLoopSync (http://localhost:3001/_next/static/chunks/79f76_next_dist_compiled_react-dom_268189ee._.js:9456:40)
    at renderRootSync (http://localhost:3001/_next/static/chunks/79f76_next_dist_compiled_react-dom_268189ee._.js:9440:13)
    at performWorkOnRoot (http://localhost:3001/_next/static/chunks/79f76_next_dist_compiled_react-dom_268189ee._.js:9105:47)
    at performWorkOnRootViaSchedulerTask (http://localhost:3001/_next/static/chunks/79f76_next_dist_compiled_react-dom_268189ee._.js:10230:9)
    at MessagePort.performWorkUntilDeadline (http://localhost:3001/_next/static/chunks/79f76_next_dist_compiled_30f71efc._.js:2647:64)
[22673643ms] [WARNING] The resource http://localhost:3001/_next/static/chunks/workspace_arji_app_102e5390._.css was preloaded using link preload but not used within a few seconds from the window's load event. Please make sure it has an appropriate `as` value and it is preloaded intentionally. @ http://localhost:3001/projects/cUfHlegssamR:0
[22721100ms] [WARNING] [Fast Refresh] performing full reload because your application had an unrecoverable error @ http://localhost:3001/_next/static/chunks/79f76_next_dist_6c9e684e._.js:2297
[22721830ms] [ERROR] Failed to load resource: the server responded with a status of 500 (Internal Server Error) @ http://localhost:3001/projects/cUfHlegssamR:0
[22722018ms] ReferenceError: activeSessions is not defined
    at KanbanPage (http://localhost:3001/_next/static/chunks/workspace_arji_a6df74a5._.js:5088:9)
    at Object.react_stack_bottom_frame (http://localhost:3001/_next/static/chunks/79f76_next_dist_compiled_react-dom_268189ee._.js:14826:24)
    at renderWithHooks (http://localhost:3001/_next/static/chunks/79f76_next_dist_compiled_react-dom_268189ee._.js:4651:24)
    at updateFunctionComponent (http://localhost:3001/_next/static/chunks/79f76_next_dist_compiled_react-dom_268189ee._.js:6112:21)
    at beginWork (http://localhost:3001/_next/static/chunks/79f76_next_dist_compiled_react-dom_268189ee._.js:6708:24)
    at runWithFiberInDEV (http://localhost:3001/_next/static/chunks/79f76_next_dist_compiled_react-dom_268189ee._.js:965:74)
    at performUnitOfWork (http://localhost:3001/_next/static/chunks/79f76_next_dist_compiled_react-dom_268189ee._.js:9562:97)
    at workLoopSync (http://localhost:3001/_next/static/chunks/79f76_next_dist_compiled_react-dom_268189ee._.js:9456:40)
    at renderRootSync (http://localhost:3001/_next/static/chunks/79f76_next_dist_compiled_react-dom_268189ee._.js:9440:13)
    at performWorkOnRoot (http://localhost:3001/_next/static/chunks/79f76_next_dist_compiled_react-dom_268189ee._.js:9105:47)
    at performWorkOnRootViaSchedulerTask (http://localhost:3001/_next/static/chunks/79f76_next_dist_compiled_react-dom_268189ee._.js:10230:9)
    at MessagePort.performWorkUntilDeadline (http://localhost:3001/_next/static/chunks/79f76_next_dist_compiled_30f71efc._.js:2647:64)
[22725058ms] [WARNING] The resource http://localhost:3001/_next/static/chunks/workspace_arji_app_102e5390._.css was preloaded using link preload but not used within a few seconds from the window's load event. Please make sure it has an appropriate `as` value and it is preloaded intentionally. @ http://localhost:3001/projects/cUfHlegssamR:0
[22728604ms] [WARNING] [Fast Refresh] performing full reload because your application had an unrecoverable error @ http://localhost:3001/_next/static/chunks/79f76_next_dist_6c9e684e._.js:2297
[22729280ms] [ERROR] Failed to load resource: the server responded with a status of 500 (Internal Server Error) @ http://localhost:3001/projects/cUfHlegssamR:0
[22729598ms] ReferenceError: activeSessions is not defined
    at KanbanPage (http://localhost:3001/_next/static/chunks/workspace_arji_a6df74a5._.js:5406:43)
    at Object.react_stack_bottom_frame (http://localhost:3001/_next/static/chunks/79f76_next_dist_compiled_react-dom_268189ee._.js:14826:24)
    at renderWithHooks (http://localhost:3001/_next/static/chunks/79f76_next_dist_compiled_react-dom_268189ee._.js:4651:24)
    at updateFunctionComponent (http://localhost:3001/_next/static/chunks/79f76_next_dist_compiled_react-dom_268189ee._.js:6112:21)
    at beginWork (http://localhost:3001/_next/static/chunks/79f76_next_dist_compiled_react-dom_268189ee._.js:6708:24)
    at runWithFiberInDEV (http://localhost:3001/_next/static/chunks/79f76_next_dist_compiled_react-dom_268189ee._.js:965:74)
    at performUnitOfWork (http://localhost:3001/_next/static/chunks/79f76_next_dist_compiled_react-dom_268189ee._.js:9562:97)
    at workLoopSync (http://localhost:3001/_next/static/chunks/79f76_next_dist_compiled_react-dom_268189ee._.js:9456:40)
    at renderRootSync (http://localhost:3001/_next/static/chunks/79f76_next_dist_compiled_react-dom_268189ee._.js:9440:13)
    at performWorkOnRoot (http://localhost:3001/_next/static/chunks/79f76_next_dist_compiled_react-dom_268189ee._.js:9105:47)
    at performWorkOnRootViaSchedulerTask (http://localhost:3001/_next/static/chunks/79f76_next_dist_compiled_react-dom_268189ee._.js:10230:9)
    at MessagePort.performWorkUntilDeadline (http://localhost:3001/_next/static/chunks/79f76_next_dist_compiled_30f71efc._.js:2647:64)
[22729902ms] [WARNING] [Fast Refresh] performing full reload because your application had an unrecoverable error @ http://localhost:3001/_next/static/chunks/79f76_next_dist_6c9e684e._.js:2297
